0 info it worked if it ends with ok
1 verbose cli [ '/usr/local/bin/node', '/usr/local/bin/npm', 'run', 'deploy' ]
2 info using npm@1.4.28
3 info using node@v0.10.33
4 verbose run-script [ 'predeploy', 'deploy', 'postdeploy' ]
5 info predeploy PythonWeekend@0.2.0
6 info deploy PythonWeekend@0.2.0
7 verbose unsafe-perm in lifecycle true
8 info PythonWeekend@0.2.0 Failed to exec deploy script
9 error PythonWeekend@0.2.0 deploy: `docpad deploy-ghpages --env static`
9 error Exit status 1
10 error Failed at the PythonWeekend@0.2.0 deploy script.
10 error This is most likely a problem with the PythonWeekend package,
10 error not with npm itself.
10 error Tell the author that this fails on your system:
10 error     docpad deploy-ghpages --env static
10 error You can get their info via:
10 error     npm owner ls PythonWeekend
10 error There is likely additional logging output above.
11 error System Linux 3.13.0-43-generic
12 error command "/usr/local/bin/node" "/usr/local/bin/npm" "run" "deploy"
13 error cwd /home/douglas/Documentos/python-weekend/py-weekend-2015
14 error node -v v0.10.33
15 error npm -v 1.4.28
16 error code ELIFECYCLE
17 verbose exit [ 1, true ]
